<?xml version="1.0" encoding="UTF-8" ?>
<testsuite failures="0" time="0.019" errors="0" skipped="0" tests="5" name="com.whereq.utils.ReflectionsTest">
  <properties>
[...]
</properties>
  <testcase time="0.012" classname="com.whereq.utils.ReflectionsTest" name="getSuperClassGenricType"/>
  <testcase time="0.006" classname="com.whereq.utils.ReflectionsTest" name="invokeMethod"/>
  <testcase time="0" classname="com.whereq.utils.ReflectionsTest" name="invokeGetterAndSetter"/>
  <testcase time="0" classname="com.whereq.utils.ReflectionsTest" name="convertReflectionExceptionToUnchecked"/>
  <testcase time="0.001" classname="com.whereq.utils.ReflectionsTest" name="getAndSetFieldValue"/>
</testsuite>